<?xml version="1.0" encoding="UTF-8"?>
<!-- Generated by org.testng.reporters.JUnitReportReporter -->
<testsuite hostname="BhagyaYogComp" failures="0" tests="1" name="Week1Assignment1.ExcelTestCasesMethods" time="0.015" errors="0" timestamp="2019-10-24T00:35:30 CEST" skipped="0">
  <testcase classname="Week1Assignment1.ExcelTestCasesMethods" name="f" time="0.015"/>
</testsuite> <!-- Week1Assignment1.ExcelTestCasesMethods -->
