<?xml version="1.0" encoding="UTF-8"?>
<!-- Generated by org.testng.reporters.JUnitReportReporter -->
<testsuite hostname="BhagyaYogComp" failures="0" tests="3" name="MavenWeek12Oct.TestWikiPedia" time="5.008" errors="0" timestamp="2019-10-13T00:48:22 CEST" skipped="0">
  <testcase classname="MavenWeek12Oct.TestWikiPedia" name="Launch_Wiki" time="4.424"/>
  <testcase classname="MavenWeek12Oct.TestWikiPedia" name="Ckeck_Wiki" time="0.350"/>
  <testcase classname="MavenWeek12Oct.TestWikiPedia" name="Get_Hyperlinks" time="0.234"/>
</testsuite> <!-- MavenWeek12Oct.TestWikiPedia -->
