<?xml version="1.0" encoding="UTF-8"?>
<!-- Generated by org.testng.reporters.JUnitReportReporter -->
<testsuite hostname="BhagyaYogComp" failures="0" tests="2" name="MavenWeek12Oct.TestEngine" time="0.040" errors="0" timestamp="2019-10-13T08:52:00 CEST" skipped="1">
  <testcase classname="MavenWeek12Oct.TestEngine" name="Product_Sanity" time="0.016"/>
  <testcase classname="MavenWeek12Oct.TestEngine" name="Product_Sanity" time="0.024">
    <skipped/>
  </testcase> <!-- Product_Sanity -->
</testsuite> <!-- MavenWeek12Oct.TestEngine -->
