<?xml version="1.0" encoding="UTF-8"?>
<!-- Generated by org.testng.reporters.JUnitReportReporter -->
<testsuite hostname="BhagyaYogComp" failures="0" tests="2" name="Week3Assignment3.CustomWaitCall" time="11.146" errors="0" timestamp="2019-10-24T15:19:14 CEST" skipped="0">
  <testcase classname="Week3Assignment3.CustomWaitCall" name="login_OrangeHRM" time="11.107"/>
  <testcase classname="Week3Assignment3.CustomWaitCall" name="loginHRM_GetTitle" time="0.039"/>
</testsuite> <!-- Week3Assignment3.CustomWaitCall -->
