<?xml version="1.0" encoding="UTF-8"?>
<!-- Generated by org.testng.reporters.JUnitReportReporter -->
<testsuite hostname="BhagyaYogComp" failures="0" tests="2" name="MavenWeek12Oct.WebInteraction" time="4.841" errors="0" timestamp="2019-10-13T06:22:27 CEST" skipped="0">
  <testcase classname="MavenWeek12Oct.WebInteraction" name="login_OrangeHRM" time="4.818"/>
  <testcase classname="MavenWeek12Oct.WebInteraction" name="loginHRM_GetTitle" time="0.023"/>
</testsuite> <!-- MavenWeek12Oct.WebInteraction -->
