<?xml version="1.0" encoding="UTF-8"?>
<!-- Generated by org.testng.reporters.JUnitReportReporter -->
<testsuite hostname="BhagyaYogComp" failures="0" tests="1" name="Week1Assignment1.TestNG_ExcelTestEngine" time="45.743" errors="0" timestamp="2019-10-26T05:51:24 CEST" skipped="0">
  <testcase classname="Week1Assignment1.TestNG_ExcelTestEngine" name="ExcelTestSuitRun" time="45.743"/>
</testsuite> <!-- Week1Assignment1.TestNG_ExcelTestEngine -->
